<?xml version="1.0" encoding="UTF-8"?>
<!-- Generated by org.testng.reporters.JUnitXMLReporter -->
<testsuite ignored="0" hostname="DESKTOP-2LVTPIB" failures="0" tests="4" name="Test" time="144.629" errors="0" timestamp="2022-02-10T09:14:55 CST">
  <testcase classname="com.SalesForce.Tests.SDFCLoginTest" name="TC1_invalidLogin" time="14.267"/>
  <testcase classname="com.SalesForce.Tests.SDFCLoginTest" name="TC3_checkRememberMe" time="64.786"/>
  <testcase classname="com.SalesForce.Tests.SDFCLoginTest" name="TC4_forgotPassword" time="10.029"/>
  <testcase classname="com.SalesForce.Tests.SDFCLoginTest" name="TC4B_forgotPassword" time="23.928"/>
</testsuite> <!-- Test -->
