<?xml version="1.0" encoding="UTF-8"?>
<testng-results ignored="0" total="4" passed="4" failed="0" skipped="0">
  <reporter-output>
  </reporter-output>
  <suite started-at="2022-02-10T09:12:30 CST" name="Suite" finished-at="2022-02-10T09:14:55 CST" duration-ms="144629">
    <groups>
    </groups>
    <test started-at="2022-02-10T09:12:30 CST" name="Test" finished-at="2022-02-10T09:14:55 CST" duration-ms="144629">
      <class name="com.SalesForce.Tests.SDFCLoginTest">
        <test-method is-config="true" signature="setUp()[pri:0, instance:com.SalesForce.Tests.SDFCLoginTest@32b260fa]" started-at="2022-02-10T09:12:30 CST" name="setUp" finished-at="2022-02-10T09:12:31 CST" duration-ms="403" status="PASS">
          <reporter-output>
          </reporter-output>
        </test-method> <!-- setUp -->
        <test-method is-config="true" signature="initialSetUp(java.lang.String,java.lang.reflect.Method)[pri:0, instance:com.SalesForce.Tests.SDFCLoginTest@32b260fa]" started-at="2022-02-10T09:12:31 CST" name="initialSetUp" finished-at="2022-02-10T09:12:43 CST" duration-ms="11891" status="PASS">
          <params>
            <param index="0">
              <value>
                <![CDATA[chrome]]>
              </value>
            </param>
            <param index="1">
              <value>
                <![CDATA[public void com.SalesForce.Tests.SDFCLoginTest.TC1_invalidLogin() throws java.lang.InterruptedException]]>
              </value>
            </param>
          </params>
          <reporter-output>
          </reporter-output>
        </test-method> <!-- initialSetUp -->
        <test-method signature="TC1_invalidLogin()[pri:1, instance:com.SalesForce.Tests.SDFCLoginTest@32b260fa]" started-at="2022-02-10T09:12:43 CST" name="TC1_invalidLogin" finished-at="2022-02-10T09:12:57 CST" duration-ms="14267" status="PASS">
          <reporter-output>
          </reporter-output>
        </test-method> <!-- TC1_invalidLogin -->
        <test-method is-config="true" signature="tearDown(org.testng.ITestResult)[pri:0, instance:com.SalesForce.Tests.SDFCLoginTest@32b260fa]" started-at="2022-02-10T09:12:57 CST" name="tearDown" finished-at="2022-02-10T09:12:57 CST" duration-ms="387" status="PASS">
          <params>
            <param index="0">
              <value>
                <![CDATA[[TestResult name=TC1_invalidLogin status=SUCCESS method=SDFCLoginTest.TC1_invalidLogin()[pri:1, instance:com.SalesForce.Tests.SDFCLoginTest@32b260fa] output={null}]]]>
              </value>
            </param>
          </params>
          <reporter-output>
          </reporter-output>
        </test-method> <!-- tearDown -->
        <test-method is-config="true" signature="initialSetUp(java.lang.String,java.lang.reflect.Method)[pri:0, instance:com.SalesForce.Tests.SDFCLoginTest@32b260fa]" started-at="2022-02-10T09:12:57 CST" name="initialSetUp" finished-at="2022-02-10T09:13:03 CST" duration-ms="5456" status="PASS">
          <params>
            <param index="0">
              <value>
                <![CDATA[chrome]]>
              </value>
            </param>
            <param index="1">
              <value>
                <![CDATA[public void com.SalesForce.Tests.SDFCLoginTest.TC3_checkRememberMe() throws java.lang.InterruptedException]]>
              </value>
            </param>
          </params>
          <reporter-output>
          </reporter-output>
        </test-method> <!-- initialSetUp -->
        <test-method signature="TC3_checkRememberMe()[pri:2, instance:com.SalesForce.Tests.SDFCLoginTest@32b260fa]" started-at="2022-02-10T09:13:03 CST" name="TC3_checkRememberMe" finished-at="2022-02-10T09:14:08 CST" duration-ms="64786" status="PASS">
          <reporter-output>
          </reporter-output>
        </test-method> <!-- TC3_checkRememberMe -->
        <test-method is-config="true" signature="tearDown(org.testng.ITestResult)[pri:0, instance:com.SalesForce.Tests.SDFCLoginTest@32b260fa]" started-at="2022-02-10T09:14:08 CST" name="tearDown" finished-at="2022-02-10T09:14:09 CST" duration-ms="1358" status="PASS">
          <params>
            <param index="0">
              <value>
                <![CDATA[[TestResult name=TC3_checkRememberMe status=SUCCESS method=SDFCLoginTest.TC3_checkRememberMe()[pri:2, instance:com.SalesForce.Tests.SDFCLoginTest@32b260fa] output={null}]]]>
              </value>
            </param>
          </params>
          <reporter-output>
          </reporter-output>
        </test-method> <!-- tearDown -->
        <test-method is-config="true" signature="initialSetUp(java.lang.String,java.lang.reflect.Method)[pri:0, instance:com.SalesForce.Tests.SDFCLoginTest@32b260fa]" started-at="2022-02-10T09:14:09 CST" name="initialSetUp" finished-at="2022-02-10T09:14:13 CST" duration-ms="4428" status="PASS">
          <params>
            <param index="0">
              <value>
                <![CDATA[chrome]]>
              </value>
            </param>
            <param index="1">
              <value>
                <![CDATA[public void com.SalesForce.Tests.SDFCLoginTest.TC4_forgotPassword() throws java.lang.InterruptedException]]>
              </value>
            </param>
          </params>
          <reporter-output>
          </reporter-output>
        </test-method> <!-- initialSetUp -->
        <test-method signature="TC4_forgotPassword()[pri:3, instance:com.SalesForce.Tests.SDFCLoginTest@32b260fa]" started-at="2022-02-10T09:14:13 CST" name="TC4_forgotPassword" finished-at="2022-02-10T09:14:23 CST" duration-ms="10029" status="PASS">
          <reporter-output>
          </reporter-output>
        </test-method> <!-- TC4_forgotPassword -->
        <test-method is-config="true" signature="tearDown(org.testng.ITestResult)[pri:0, instance:com.SalesForce.Tests.SDFCLoginTest@32b260fa]" started-at="2022-02-10T09:14:23 CST" name="tearDown" finished-at="2022-02-10T09:14:25 CST" duration-ms="1238" status="PASS">
          <params>
            <param index="0">
              <value>
                <![CDATA[[TestResult name=TC4_forgotPassword status=SUCCESS method=SDFCLoginTest.TC4_forgotPassword()[pri:3, instance:com.SalesForce.Tests.SDFCLoginTest@32b260fa] output={null}]]]>
              </value>
            </param>
          </params>
          <reporter-output>
          </reporter-output>
        </test-method> <!-- tearDown -->
        <test-method is-config="true" signature="initialSetUp(java.lang.String,java.lang.reflect.Method)[pri:0, instance:com.SalesForce.Tests.SDFCLoginTest@32b260fa]" started-at="2022-02-10T09:14:25 CST" name="initialSetUp" finished-at="2022-02-10T09:14:30 CST" duration-ms="5499" status="PASS">
          <params>
            <param index="0">
              <value>
                <![CDATA[chrome]]>
              </value>
            </param>
            <param index="1">
              <value>
                <![CDATA[public void com.SalesForce.Tests.SDFCLoginTest.TC4B_forgotPassword() throws java.lang.InterruptedException]]>
              </value>
            </param>
          </params>
          <reporter-output>
          </reporter-output>
        </test-method> <!-- initialSetUp -->
        <test-method signature="TC4B_forgotPassword()[pri:4, instance:com.SalesForce.Tests.SDFCLoginTest@32b260fa]" started-at="2022-02-10T09:14:30 CST" name="TC4B_forgotPassword" finished-at="2022-02-10T09:14:54 CST" duration-ms="23928" status="PASS">
          <reporter-output>
          </reporter-output>
        </test-method> <!-- TC4B_forgotPassword -->
        <test-method is-config="true" signature="tearDown(org.testng.ITestResult)[pri:0, instance:com.SalesForce.Tests.SDFCLoginTest@32b260fa]" started-at="2022-02-10T09:14:54 CST" name="tearDown" finished-at="2022-02-10T09:14:55 CST" duration-ms="497" status="PASS">
          <params>
            <param index="0">
              <value>
                <![CDATA[[TestResult name=TC4B_forgotPassword status=SUCCESS method=SDFCLoginTest.TC4B_forgotPassword()[pri:4, instance:com.SalesForce.Tests.SDFCLoginTest@32b260fa] output={null}]]]>
              </value>
            </param>
          </params>
          <reporter-output>
          </reporter-output>
        </test-method> <!-- tearDown -->
        <test-method is-config="true" signature="endUp()[pri:0, instance:com.SalesForce.Tests.SDFCLoginTest@32b260fa]" started-at="2022-02-10T09:14:55 CST" name="endUp" finished-at="2022-02-10T09:14:55 CST" duration-ms="368" status="PASS">
          <reporter-output>
          </reporter-output>
        </test-method> <!-- endUp -->
      </class> <!-- com.SalesForce.Tests.SDFCLoginTest -->
    </test> <!-- Test -->
  </suite> <!-- Suite -->
</testng-results>
